0 info it worked if it ends with ok
1 verbose cli [ 'node', '/usr/local/bin/npm', 'start' ]
2 info using npm@3.10.3
3 info using node@v0.10.25
4 verbose node symlink /usr/bin/node
5 verbose run-script [ 'prestart', 'start', 'poststart' ]
6 info lifecycle Chat@1.4.0-rc.6~prestart: Chat@1.4.0-rc.6
7 verbose lifecycle Chat@1.4.0-rc.6~prestart: unsafe-perm in lifecycle true
8 verbose lifecycle Chat@1.4.0-rc.6~prestart: PATH: /usr/local/lib/node_modules/npm/bin/node-gyp-bin:/media/paul/Новый том/Angular2/coolChat/node_modules/.bin:/usr/bin:/usr/local/sbin:/usr/local/bin:/usr/sbin:/usr/bin:/sbin:/bin:/usr/games:/usr/local/games
9 verbose lifecycle Chat@1.4.0-rc.6~prestart: CWD: /media/paul/Новый том/Angular2/coolChat
10 silly lifecycle Chat@1.4.0-rc.6~prestart: Args: [ '-c', 'webpack' ]
11 silly lifecycle Chat@1.4.0-rc.6~prestart: Returned: code: 0  signal: null
12 info lifecycle Chat@1.4.0-rc.6~start: Chat@1.4.0-rc.6
13 verbose lifecycle Chat@1.4.0-rc.6~start: unsafe-perm in lifecycle true
14 verbose lifecycle Chat@1.4.0-rc.6~start: PATH: /usr/local/lib/node_modules/npm/bin/node-gyp-bin:/media/paul/Новый том/Angular2/coolChat/node_modules/.bin:/usr/bin:/usr/local/sbin:/usr/local/bin:/usr/sbin:/usr/bin:/sbin:/bin:/usr/games:/usr/local/games
15 verbose lifecycle Chat@1.4.0-rc.6~start: CWD: /media/paul/Новый том/Angular2/coolChat
16 silly lifecycle Chat@1.4.0-rc.6~start: Args: [ '-c',
16 silly lifecycle   'concurrently "webpack --watch --colors" "nodemon src/server.js"' ]
17 silly lifecycle Chat@1.4.0-rc.6~start: Returned: code: 126  signal: null
18 info lifecycle Chat@1.4.0-rc.6~start: Failed to exec start script
19 verbose stack Error: Chat@1.4.0-rc.6 start: `concurrently "webpack --watch --colors" "nodemon src/server.js"`
19 verbose stack Exit status 126
19 verbose stack     at EventEmitter.<anonymous> (/usr/local/lib/node_modules/npm/lib/utils/lifecycle.js:242:16)
19 verbose stack     at EventEmitter.emit (events.js:98:17)
19 verbose stack     at ChildProcess.<anonymous> (/usr/local/lib/node_modules/npm/lib/utils/spawn.js:40:14)
19 verbose stack     at ChildProcess.EventEmitter.emit (events.js:98:17)
19 verbose stack     at maybeClose (child_process.js:743:16)
19 verbose stack     at Process.ChildProcess._handle.onexit (child_process.js:810:5)
20 verbose pkgid Chat@1.4.0-rc.6
21 verbose cwd /media/paul/Новый том/Angular2/coolChat
22 error Linux 4.2.0-38-generic
23 error argv "node" "/usr/local/bin/npm" "start"
24 error node v0.10.25
25 error npm  v3.10.3
26 error code ELIFECYCLE
27 error Chat@1.4.0-rc.6 start: `concurrently "webpack --watch --colors" "nodemon src/server.js"`
27 error Exit status 126
28 error Failed at the Chat@1.4.0-rc.6 start script 'concurrently "webpack --watch --colors" "nodemon src/server.js"'.
28 error Make sure you have the latest version of node.js and npm installed.
28 error If you do, this is most likely a problem with the Chat package,
28 error not with npm itself.
28 error Tell the author that this fails on your system:
28 error     concurrently "webpack --watch --colors" "nodemon src/server.js"
28 error You can get information on how to open an issue for this project with:
28 error     npm bugs Chat
28 error Or if that isn't available, you can get their info via:
28 error     npm owner ls Chat
28 error There is likely additional logging output above.
29 verbose exit [ 1, true ]
